Using pre-set license
Built from '2021.3/evg/staging/82bb020e-b03b1330/draft-0' branch; Version is '2021.3.16f1 (4016570cf34f) revision 4200023'; Using compiler version '192829333'; Build Type 'Release'
OS: 'Windows 10  (10.0.19045) 64bit Professional' Language: 'en' Physical Memory: 8123 MB
BatchMode: 1, IsHumanControllingUs: 0, StartBugReporterOnCrash: 0, Is64bit: 1, IsPro: 1

COMMAND LINE ARGUMENTS:
C:\Program Files\Unity\Hub\Editor\2021.3.16f1\Editor\Unity.exe
-adb2
-batchMode
-noUpm
-name
AssetImportWorker0
-projectPath
E:/FYP/FYP/AI_Moveset_Template/AI_Moveset_Extension
-logFile
Logs/AssetImportWorker0.log
-srvPort
12766
Successfully changed project path to: E:/FYP/FYP/AI_Moveset_Template/AI_Moveset_Extension
E:/FYP/FYP/AI_Moveset_Template/AI_Moveset_Extension
[UnityMemory] Configuration Parameters - Can be set up in boot.config
    "memorysetup-bucket-allocator-granularity=16"
    "memorysetup-bucket-allocator-bucket-count=8"
    "memorysetup-bucket-allocator-block-size=33554432"
    "memorysetup-bucket-allocator-block-count=8"
    "memorysetup-main-allocator-block-size=16777216"
    "memorysetup-thread-allocator-block-size=16777216"
    "memorysetup-gfx-main-allocator-block-size=16777216"
    "memorysetup-gfx-thread-allocator-block-size=16777216"
    "memorysetup-cache-allocator-block-size=4194304"
    "memorysetup-typetree-allocator-block-size=2097152"
    "memorysetup-profiler-bucket-allocator-granularity=16"
    "memorysetup-profiler-bucket-allocator-bucket-count=8"
    "memorysetup-profiler-bucket-allocator-block-size=33554432"
    "memorysetup-profiler-bucket-allocator-block-count=8"
    "memorysetup-profiler-allocator-block-size=16777216"
    "memorysetup-profiler-editor-allocator-block-size=1048576"
    "memorysetup-temp-allocator-size-main=16777216"
    "memorysetup-job-temp-allocator-block-size=2097152"
    "memorysetup-job-temp-allocator-block-size-background=1048576"
    "memorysetup-job-temp-allocator-reduction-small-platforms=262144"
    "memorysetup-temp-allocator-size-background-worker=32768"
    "memorysetup-temp-allocator-size-job-worker=262144"
    "memorysetup-temp-allocator-size-preload-manager=33554432"
    "memorysetup-temp-allocator-size-nav-mesh-worker=65536"
    "memorysetup-temp-allocator-size-audio-worker=65536"
    "memorysetup-temp-allocator-size-cloud-worker=32768"
    "memorysetup-temp-allocator-size-gi-baking-worker=262144"
    "memorysetup-temp-allocator-size-gfx=262144"
Player connection [3448] Host "[IP] 192.168.100.104 [Port] 0 [Flags] 2 [Guid] 2037711844 [EditorId] 2037711844 [Version] 1048832 [Id] WindowsEditor(7,DESKTOP-1LQ4P2N) [Debug] 1 [PackageName] WindowsEditor [ProjectName] Editor" joined multi-casting on [225.0.0.222:54997]...

Player connection [3448] Host "[IP] 192.168.100.104 [Port] 0 [Flags] 2 [Guid] 2037711844 [EditorId] 2037711844 [Version] 1048832 [Id] WindowsEditor(7,DESKTOP-1LQ4P2N) [Debug] 1 [PackageName] WindowsEditor [ProjectName] Editor" joined alternative multi-casting on [225.0.0.222:34997]...

Refreshing native plugins compatible for Editor in 101.55 ms, found 3 plugins.
Preloading 0 native plugins for Editor in 0.00 ms.
Initialize engine version: 2021.3.16f1 (4016570cf34f)
[Subsystems] Discovering subsystems at path C:/Program Files/Unity/Hub/Editor/2021.3.16f1/Editor/Data/Resources/UnitySubsystems
[Subsystems] Discovering subsystems at path E:/FYP/FYP/AI_Moveset_Template/AI_Moveset_Extension/Assets
GfxDevice: creating device client; threaded=0; jobified=0
Direct3D:
    Version:  Direct3D 11.0 [level 11.1]
    Renderer: NVIDIA GeForce GTX 1050 Ti (ID=0x1c82)
    Vendor:   NVIDIA
    VRAM:     4017 MB
    Driver:   31.0.15.3118
Initialize mono
Mono path[0] = 'C:/Program Files/Unity/Hub/Editor/2021.3.16f1/Editor/Data/Managed'
Mono path[1] = 'C:/Program Files/Unity/Hub/Editor/2021.3.16f1/Editor/Data/MonoBleedingEdge/lib/mono/unityjit-win32'
Mono config path = 'C:/Program Files/Unity/Hub/Editor/2021.3.16f1/Editor/Data/MonoBleedingEdge/etc'
Using monoOptions --debugger-agent=transport=dt_socket,embedding=1,server=y,suspend=n,address=127.0.0.1:56484
Begin MonoManager ReloadAssembly
Registering precompiled unity dll's ...
Register platform support module: C:/Program Files/Unity/Hub/Editor/2021.3.16f1/Editor/Data/PlaybackEngines/WindowsStandaloneSupport/UnityEditor.WindowsStandalone.Extensions.dll
Registered in 0.008190 seconds.
Native extension for WindowsStandalone target not found
Refreshing native plugins compatible for Editor in 110.74 ms, found 3 plugins.
Preloading 0 native plugins for Editor in 0.00 ms.
Mono: successfully reloaded assembly
- Completed reload, in  0.835 seconds
Domain Reload Profiling:
	ReloadAssembly (836ms)
		BeginReloadAssembly (114ms)
			ExecutionOrderSort (0ms)
			DisableScriptedObjects (0ms)
			BackupInstance (0ms)
			ReleaseScriptingObjects (0ms)
			CreateAndSetChildDomain (1ms)
		EndReloadAssembly (583ms)
			LoadAssemblies (111ms)
			RebuildTransferFunctionScriptingTraits (0ms)
			SetupTypeCache (135ms)
			ReleaseScriptCaches (0ms)
			RebuildScriptCaches (43ms)
			SetupLoadedEditorAssemblies (340ms)
				LogAssemblyErrors (0ms)
				InitializePlatformSupportModulesInManaged (11ms)
				SetLoadedEditorAssemblies (0ms)
				RefreshPlugins (111ms)
				BeforeProcessingInitializeOnLoad (2ms)
				ProcessInitializeOnLoadAttributes (157ms)
				ProcessInitializeOnLoadMethodAttributes (59ms)
				AfterProcessingInitializeOnLoad (0ms)
				EditorAssembliesLoaded (0ms)
			ExecutionOrderSort2 (0ms)
			AwakeInstancesAfterBackupRestoration (0ms)
Platform modules already initialized, skipping
Registering precompiled user dll's ...
Registered in 0.005331 seconds.
Begin MonoManager ReloadAssembly
Symbol file LoadedFromMemory doesn't match image E:\FYP\FYP\AI_Moveset_Template\AI_Moveset_Extension\Library\PackageCache\com.unity.visualscripting@1.7.8\Editor\VisualScripting.Core\Dependencies\YamlDotNet\Unity.VisualScripting.YamlDotNet.dll
Symbol file LoadedFromMemory doesn't match image E:\FYP\FYP\AI_Moveset_Template\AI_Moveset_Extension\Library\PackageCache\com.unity.visualscripting@1.7.8\Editor\VisualScripting.Core\Dependencies\DotNetZip\Unity.VisualScripting.IonicZip.dll
Native extension for WindowsStandalone target not found
Refreshing native plugins compatible for Editor in 0.66 ms, found 3 plugins.
Preloading 0 native plugins for Editor in 0.00 ms.
Mono: successfully reloaded assembly
- Completed reload, in  1.325 seconds
Domain Reload Profiling:
	ReloadAssembly (1326ms)
		BeginReloadAssembly (165ms)
			ExecutionOrderSort (0ms)
			DisableScriptedObjects (7ms)
			BackupInstance (0ms)
			ReleaseScriptingObjects (0ms)
			CreateAndSetChildDomain (27ms)
		EndReloadAssembly (987ms)
			LoadAssemblies (122ms)
			RebuildTransferFunctionScriptingTraits (0ms)
			SetupTypeCache (362ms)
			ReleaseScriptCaches (1ms)
			RebuildScriptCaches (58ms)
			SetupLoadedEditorAssemblies (423ms)
				LogAssemblyErrors (0ms)
				InitializePlatformSupportModulesInManaged (7ms)
				SetLoadedEditorAssemblies (1ms)
				RefreshPlugins (1ms)
				BeforeProcessingInitializeOnLoad (103ms)
				ProcessInitializeOnLoadAttributes (274ms)
				ProcessInitializeOnLoadMethodAttributes (29ms)
				AfterProcessingInitializeOnLoad (9ms)
				EditorAssembliesLoaded (0ms)
			ExecutionOrderSort2 (0ms)
			AwakeInstancesAfterBackupRestoration (8ms)
Platform modules already initialized, skipping
========================================================================
Worker process is ready to serve import requests
Launched and connected shader compiler UnityShaderCompiler.exe after 0.07 seconds
Refreshing native plugins compatible for Editor in 0.64 ms, found 3 plugins.
Preloading 0 native plugins for Editor in 0.00 ms.
Unloading 3361 Unused Serialized files (Serialized files now loaded: 0)
Unloading 27 unused Assets / (113.4 KB). Loaded Objects now: 3818.
Memory consumption went from 115.7 MB to 115.6 MB.
Total: 3.754800 ms (FindLiveObjects: 0.363000 ms CreateObjectMapping: 0.190500 ms MarkObjects: 3.067700 ms  DeleteObjects: 0.132600 ms)

AssetImportParameters requested are different than current active one (requested -> active):
  custom:video-decoder-ogg-theora: a1e56fd34408186e4bbccfd4996cb3dc -> 
  custom:container-muxer-webm: aa71ff27fc2769a1b78a27578f13a17b -> 
  custom:container-demuxer-webm: 4f35f7cbe854078d1ac9338744f61a02 -> 
  custom:video-encoder-webm-vp8: eb34c28f22e8b96e1ab97ce403110664 -> 
  custom:audio-encoder-webm-vorbis: bf7c407c2cedff20999df2af8eb42d56 -> 
  custom:framework-win-MediaFoundation: 216162199b28c13a410421893ffa2e32 -> 
  custom:container-demuxer-ogg: 62fdf1f143b41e24485cea50d1cbac27 -> 
  custom:video-decoder-webm-vp8: 9c59270c3fd7afecdb556c50c9e8de78 -> 
  custom:audio-decoder-ogg-vorbis: bf7c407c2cedff20999df2af8eb42d56 -> 
========================================================================
Received Import Request.
  Time since last request: 73756.273300 seconds.
  path: Assets
  artifactKey: Guid(00000000000000001000000000000000) Importer(815301076,1909f56bfc062723c751e8b465ee728b)
Start importing Assets using Guid(00000000000000001000000000000000) Importer(815301076,1909f56bfc062723c751e8b465ee728b)  -> (artifact id: '79842766b460edbeab6a34051e857a80') in 0.016937 seconds 
========================================================================
Received Import Request.
  Time since last request: 21.563336 seconds.
  path: Assets/Prefabs
  artifactKey: Guid(8e2fde75dbba2174997b04366366d388) Importer(815301076,1909f56bfc062723c751e8b465ee728b)
Start importing Assets/Prefabs using Guid(8e2fde75dbba2174997b04366366d388) Importer(815301076,1909f56bfc062723c751e8b465ee728b)  -> (artifact id: 'dab5c2c383c6ef28a772d429625f3755') in 0.013936 seconds 
========================================================================
Received Import Request.
  Time since last request: 38.324390 seconds.
  path: Assets/Scenes
  artifactKey: Guid(6ea315d0fd7389c41b19996891e99ae3) Importer(815301076,1909f56bfc062723c751e8b465ee728b)
Start importing Assets/Scenes using Guid(6ea315d0fd7389c41b19996891e99ae3) Importer(815301076,1909f56bfc062723c751e8b465ee728b)  -> (artifact id: 'b8193726cff86800c54781cdc6d54904') in 0.014797 seconds 
========================================================================
Received Import Request.
  Time since last request: 2.755591 seconds.
  path: Assets/Scenes/SampleScene.unity
  artifactKey: Guid(9fc0d4010bbf28b4594072e72b8655ab) Importer(815301076,1909f56bfc062723c751e8b465ee728b)
Start importing Assets/Scenes/SampleScene.unity using Guid(9fc0d4010bbf28b4594072e72b8655ab) Importer(815301076,1909f56bfc062723c751e8b465ee728b)  -> (artifact id: 'e55ccaa32d8e5c1de03c07a5412c8c3c') in 0.014766 seconds 
========================================================================
Received Import Request.
  Time since last request: 39.197643 seconds.
  path: Assets/Prefabs/New Material.mat
  artifactKey: Guid(d044a2378b0a96340bcae897e91759d6) Importer(815301076,1909f56bfc062723c751e8b465ee728b)
Start importing Assets/Prefabs/New Material.mat using Guid(d044a2378b0a96340bcae897e91759d6) Importer(815301076,1909f56bfc062723c751e8b465ee728b)  -> (artifact id: '83cdaf374f641c0b453b50375a0909d2') in 0.467275 seconds 
========================================================================
Received Import Request.
  Time since last request: 169.751435 seconds.
  path: Assets/Materials
  artifactKey: Guid(8e2fde75dbba2174997b04366366d388) Importer(815301076,1909f56bfc062723c751e8b465ee728b)
Start importing Assets/Materials using Guid(8e2fde75dbba2174997b04366366d388) Importer(815301076,1909f56bfc062723c751e8b465ee728b)  -> (artifact id: 'a8f08f148feb3beb86e6940d6e092feb') in 0.034609 seconds 
========================================================================
Received Import Request.
  Time since last request: 27.490564 seconds.
  path: Assets/Materials/grid.png
  artifactKey: Guid(e57a20d8016b31a4ab8adb395aeb3bd7) Importer(815301076,1909f56bfc062723c751e8b465ee728b)
Start importing Assets/Materials/grid.png using Guid(e57a20d8016b31a4ab8adb395aeb3bd7) Importer(815301076,1909f56bfc062723c751e8b465ee728b)  -> (artifact id: '0e83938e0c24f4714a2d33ab2a561e94') in 0.104160 seconds 
========================================================================
Received Import Request.
  Time since last request: 9.113376 seconds.
  path: Assets/Materials/texture1.png
  artifactKey: Guid(e57a20d8016b31a4ab8adb395aeb3bd7) Importer(815301076,1909f56bfc062723c751e8b465ee728b)
Start importing Assets/Materials/texture1.png using Guid(e57a20d8016b31a4ab8adb395aeb3bd7) Importer(815301076,1909f56bfc062723c751e8b465ee728b)  -> (artifact id: 'f48822e056f045db7e6331aaec8ff3ae') in 0.020308 seconds 
========================================================================
Received Import Request.
  Time since last request: 1478.255891 seconds.
  path: Assets/Materials/Materials
  artifactKey: Guid(808864cf357ae7a4a8df0ee3c8e893f8) Importer(815301076,1909f56bfc062723c751e8b465ee728b)
Start importing Assets/Materials/Materials using Guid(808864cf357ae7a4a8df0ee3c8e893f8) Importer(815301076,1909f56bfc062723c751e8b465ee728b)  -> (artifact id: '506d0b2af2b070c5e2ca8520bea78fa7') in 0.015434 seconds 
========================================================================
Received Import Request.
  Time since last request: 17.586971 seconds.
  path: Assets/AI_Movest_Model
  artifactKey: Guid(8d00f640e5b1b5b4b9f35807189db586) Importer(815301076,1909f56bfc062723c751e8b465ee728b)
Start importing Assets/AI_Movest_Model using Guid(8d00f640e5b1b5b4b9f35807189db586) Importer(815301076,1909f56bfc062723c751e8b465ee728b)  -> (artifact id: '5c170a9a29b4d7f7762c6eab4ba46eef') in 0.014953 seconds 
========================================================================
Received Import Request.
  Time since last request: 37.231727 seconds.
  path: Assets/prefab
  artifactKey: Guid(f7cff10064bb6074e8bfd4df45fafef2) Importer(815301076,1909f56bfc062723c751e8b465ee728b)
Start importing Assets/prefab using Guid(f7cff10064bb6074e8bfd4df45fafef2) Importer(815301076,1909f56bfc062723c751e8b465ee728b)  -> (artifact id: 'b5e9b7bc51e4a1ec1e877dcf784ec3f7') in 0.002266 seconds 
========================================================================
Received Import Request.
  Time since last request: 0.051728 seconds.
  path: Assets/prefab/avatar (2).prefab
  artifactKey: Guid(757fa31c8e75d37479868e5eb2ed7c63) Importer(815301076,1909f56bfc062723c751e8b465ee728b)
Start importing Assets/prefab/avatar (2).prefab using Guid(757fa31c8e75d37479868e5eb2ed7c63) Importer(815301076,1909f56bfc062723c751e8b465ee728b)  -> (artifact id: 'bd2c3b71b0a10024fdfa30a4a84caf64') in 0.130636 seconds 
========================================================================
Received Import Request.
  Time since last request: 20.210474 seconds.
  path: Assets/AI_Movest_Model/model
  artifactKey: Guid(f7cff10064bb6074e8bfd4df45fafef2) Importer(815301076,1909f56bfc062723c751e8b465ee728b)
Start importing Assets/AI_Movest_Model/model using Guid(f7cff10064bb6074e8bfd4df45fafef2) Importer(815301076,1909f56bfc062723c751e8b465ee728b)  -> (artifact id: '9420dadab352d1417e11ce3695ce0192') in 0.013155 seconds 
========================================================================
Received Import Request.
  Time since last request: 8.301537 seconds.
  path: Assets/AI_Movest_Model/model/avatar.prefab
  artifactKey: Guid(757fa31c8e75d37479868e5eb2ed7c63) Importer(815301076,1909f56bfc062723c751e8b465ee728b)
Start importing Assets/AI_Movest_Model/model/avatar.prefab using Guid(757fa31c8e75d37479868e5eb2ed7c63) Importer(815301076,1909f56bfc062723c751e8b465ee728b)  -> (artifact id: '99969514d2099b907df800488bbce4b5') in 0.026710 seconds 
========================================================================
Received Import Request.
  Time since last request: 17.328268 seconds.
  path: Assets/AI_Movest_Model/frame2.cs
  artifactKey: Guid(d253d41af2a9d5b4ab7d04542aca3015) Importer(815301076,1909f56bfc062723c751e8b465ee728b)
Start importing Assets/AI_Movest_Model/frame2.cs using Guid(d253d41af2a9d5b4ab7d04542aca3015) Importer(815301076,1909f56bfc062723c751e8b465ee728b)  -> (artifact id: 'bdf24d4b8f90b6b660a8a54c796e4a49') in 0.019229 seconds 
========================================================================
Received Import Request.
  Time since last request: 0.220902 seconds.
  path: Assets/AI_Movest_Model/jointFunctions2.cs
  artifactKey: Guid(86d87b435e6be5b4eb171cf058fe2515) Importer(815301076,1909f56bfc062723c751e8b465ee728b)
Start importing Assets/AI_Movest_Model/jointFunctions2.cs using Guid(86d87b435e6be5b4eb171cf058fe2515) Importer(815301076,1909f56bfc062723c751e8b465ee728b)  -> (artifact id: '53b33b4ff4617dc8d27d7af25c488e84') in 0.021416 seconds 
========================================================================
Received Import Request.
  Time since last request: 0.251495 seconds.
  path: Assets/AI_Movest_Model/Manipulate2.cs
  artifactKey: Guid(d613a370fff02fb4f871e06316a2f3f5) Importer(815301076,1909f56bfc062723c751e8b465ee728b)
Start importing Assets/AI_Movest_Model/Manipulate2.cs using Guid(d613a370fff02fb4f871e06316a2f3f5) Importer(815301076,1909f56bfc062723c751e8b465ee728b)  -> (artifact id: '0901e85d7eeb9e000b2f4b9fefc73bb1') in 0.003230 seconds 
========================================================================
Received Import Request.
  Time since last request: 0.342282 seconds.
  path: Assets/AI_Movest_Model/showtext.cs
  artifactKey: Guid(8002cdd4ea8dd0e408292236262af3b5) Importer(815301076,1909f56bfc062723c751e8b465ee728b)
Start importing Assets/AI_Movest_Model/showtext.cs using Guid(8002cdd4ea8dd0e408292236262af3b5) Importer(815301076,1909f56bfc062723c751e8b465ee728b)  -> (artifact id: '25e9ac7c719f0a15e5ff2f99504e4ef5') in 0.008237 seconds 
========================================================================
Received Import Request.
  Time since last request: 14.653238 seconds.
  path: Assets/AI_Movest_Model/frameData.cs
  artifactKey: Guid(0815b14a35cebca4e87d9ad52f9b6764) Importer(815301076,1909f56bfc062723c751e8b465ee728b)
Start importing Assets/AI_Movest_Model/frameData.cs using Guid(0815b14a35cebca4e87d9ad52f9b6764) Importer(815301076,1909f56bfc062723c751e8b465ee728b)  -> (artifact id: 'f69a1190b1510f22c6fc1b892a616f87') in 0.017101 seconds 
========================================================================
Received Import Request.
  Time since last request: 114.881782 seconds.
  path: Assets/Resources
  artifactKey: Guid(3535c999fba16d9438c05ad55806d913) Importer(815301076,1909f56bfc062723c751e8b465ee728b)
Start importing Assets/Resources using Guid(3535c999fba16d9438c05ad55806d913) Importer(815301076,1909f56bfc062723c751e8b465ee728b)  -> (artifact id: '3770548138c6422958dfdab4b5c78d25') in 0.014907 seconds 
========================================================================
Received Import Request.
  Time since last request: 125.235576 seconds.
  path: Assets/AI_Movest_Model/model/avatar.prefab
  artifactKey: Guid(757fa31c8e75d37479868e5eb2ed7c63) Importer(815301076,1909f56bfc062723c751e8b465ee728b)
Start importing Assets/AI_Movest_Model/model/avatar.prefab using Guid(757fa31c8e75d37479868e5eb2ed7c63) Importer(815301076,1909f56bfc062723c751e8b465ee728b)  -> (artifact id: 'ab4cc6235145cb8a5cefd45f9b2ef935') in 0.017626 seconds 
========================================================================
Received Import Request.
  Time since last request: 113.183799 seconds.
  path: Assets/AI_Movest_Model/model/avatar.prefab
  artifactKey: Guid(757fa31c8e75d37479868e5eb2ed7c63) Importer(815301076,1909f56bfc062723c751e8b465ee728b)
Start importing Assets/AI_Movest_Model/model/avatar.prefab using Guid(757fa31c8e75d37479868e5eb2ed7c63) Importer(815301076,1909f56bfc062723c751e8b465ee728b)  -> (artifact id: 'a69356a8b0f9c6a5cc8fb58d3e3a7280') in 0.043170 seconds 
========================================================================
Received Prepare
Registering precompiled user dll's ...
Registered in 0.004857 seconds.
